<?xml version="1.0" encoding="UTF-8"?>
<coverage line-rate="0.991825613079019" branch-rate="0" lines-covered="364" lines-valid="367" branches-covered="0" branches-valid="0" complexity="0" version="3.6.1" timestamp="2022-11-24 16:49:42">
  <sources/>
  <packages>
    <package name="dunlin" line-rate="0.991825613079019" branch-rate="0" complexity="0">
      <classes>
        <class name="co_relevels.R" filename="R/co_relevels.R" line-rate="1" branch-rate="0" complexity="0">
          <methods>
            <method name="co_relevels" signature="" line-rate="1" branch-rate="0">
              <lines>
                <line number="23" hits="6" branch="false"/>
                <line number="24" hits="6" branch="false"/>
                <line number="25" hits="6" branch="false"/>
                <line number="26" hits="6" branch="false"/>
                <line number="27" hits="5" branch="false"/>
                <line number="29" hits="5" branch="false"/>
                <line number="30" hits="5" branch="false"/>
                <line number="33" hits="5" branch="false"/>
                <line number="34" hits="5" branch="false"/>
                <line number="36" hits="5" branch="false"/>
                <line number="37" hits="1" branch="false"/>
                <line number="40" hits="4" branch="false"/>
                <line number="42" hits="4" branch="false"/>
                <line number="43" hits="4" branch="false"/>
                <line number="45" hits="4" branch="false"/>
                <line number="46" hits="4" branch="false"/>
                <line number="48" hits="4" branch="false"/>
              </lines>
            </method>
          </methods>
          <lines>
            <line number="23" hits="6" branch="false"/>
            <line number="24" hits="6" branch="false"/>
            <line number="25" hits="6" branch="false"/>
            <line number="26" hits="6" branch="false"/>
            <line number="27" hits="5" branch="false"/>
            <line number="29" hits="5" branch="false"/>
            <line number="30" hits="5" branch="false"/>
            <line number="33" hits="5" branch="false"/>
            <line number="34" hits="5" branch="false"/>
            <line number="36" hits="5" branch="false"/>
            <line number="37" hits="1" branch="false"/>
            <line number="40" hits="4" branch="false"/>
            <line number="42" hits="4" branch="false"/>
            <line number="43" hits="4" branch="false"/>
            <line number="45" hits="4" branch="false"/>
            <line number="46" hits="4" branch="false"/>
            <line number="48" hits="4" branch="false"/>
          </lines>
        </class>
        <class name="cut_by_group.R" filename="R/cut_by_group.R" line-rate="1" branch-rate="0" complexity="0">
          <methods>
            <method name="cut_by_group" signature="" line-rate="1" branch-rate="0">
              <lines>
                <line number="54" hits="4" branch="false"/>
                <line number="55" hits="4" branch="false"/>
                <line number="56" hits="4" branch="false"/>
                <line number="57" hits="4" branch="false"/>
                <line number="59" hits="4" branch="false"/>
                <line number="60" hits="4" branch="false"/>
                <line number="61" hits="4" branch="false"/>
                <line number="62" hits="4" branch="false"/>
                <line number="63" hits="4" branch="false"/>
                <line number="64" hits="4" branch="false"/>
                <line number="66" hits="4" branch="false"/>
                <line number="68" hits="4" branch="false"/>
                <line number="69" hits="10" branch="false"/>
                <line number="71" hits="10" branch="false"/>
                <line number="73" hits="3" branch="false"/>
              </lines>
            </method>
          </methods>
          <lines>
            <line number="54" hits="4" branch="false"/>
            <line number="55" hits="4" branch="false"/>
            <line number="56" hits="4" branch="false"/>
            <line number="57" hits="4" branch="false"/>
            <line number="59" hits="4" branch="false"/>
            <line number="60" hits="4" branch="false"/>
            <line number="61" hits="4" branch="false"/>
            <line number="62" hits="4" branch="false"/>
            <line number="63" hits="4" branch="false"/>
            <line number="64" hits="4" branch="false"/>
            <line number="66" hits="4" branch="false"/>
            <line number="68" hits="4" branch="false"/>
            <line number="69" hits="10" branch="false"/>
            <line number="71" hits="10" branch="false"/>
            <line number="73" hits="3" branch="false"/>
          </lines>
        </class>
        <class name="dm_explicit_na.R" filename="R/dm_explicit_na.R" line-rate="0.971428571428571" branch-rate="0" complexity="0">
          <methods>
            <method name="dm_explicit_na" signature="" line-rate="0.971428571428571" branch-rate="0">
              <lines>
                <line number="42" hits="2" branch="false"/>
                <line number="43" hits="2" branch="false"/>
                <line number="44" hits="2" branch="false"/>
                <line number="45" hits="2" branch="false"/>
                <line number="46" hits="2" branch="false"/>
                <line number="47" hits="2" branch="false"/>
                <line number="49" hits="2" branch="false"/>
                <line number="51" hits="2" branch="false"/>
                <line number="52" hits="0" branch="false"/>
                <line number="55" hits="2" branch="false"/>
                <line number="56" hits="3" branch="false"/>
                <line number="58" hits="3" branch="false"/>
                <line number="59" hits="3" branch="false"/>
                <line number="61" hits="3" branch="false"/>
                <line number="62" hits="3" branch="false"/>
                <line number="63" hits="3" branch="false"/>
                <line number="65" hits="3" branch="false"/>
                <line number="66" hits="3" branch="false"/>
                <line number="67" hits="3" branch="false"/>
                <line number="69" hits="3" branch="false"/>
                <line number="70" hits="2" branch="false"/>
                <line number="71" hits="2" branch="false"/>
                <line number="72" hits="2" branch="false"/>
                <line number="73" hits="2" branch="false"/>
                <line number="76" hits="3" branch="false"/>
                <line number="77" hits="1" branch="false"/>
                <line number="78" hits="1" branch="false"/>
                <line number="79" hits="1" branch="false"/>
                <line number="80" hits="1" branch="false"/>
                <line number="83" hits="3" branch="false"/>
                <line number="84" hits="3" branch="false"/>
                <line number="85" hits="3" branch="false"/>
                <line number="86" hits="3" branch="false"/>
                <line number="87" hits="3" branch="false"/>
                <line number="90" hits="2" branch="false"/>
              </lines>
            </method>
          </methods>
          <lines>
            <line number="42" hits="2" branch="false"/>
            <line number="43" hits="2" branch="false"/>
            <line number="44" hits="2" branch="false"/>
            <line number="45" hits="2" branch="false"/>
            <line number="46" hits="2" branch="false"/>
            <line number="47" hits="2" branch="false"/>
            <line number="49" hits="2" branch="false"/>
            <line number="51" hits="2" branch="false"/>
            <line number="52" hits="0" branch="false"/>
            <line number="55" hits="2" branch="false"/>
            <line number="56" hits="3" branch="false"/>
            <line number="58" hits="3" branch="false"/>
            <line number="59" hits="3" branch="false"/>
            <line number="61" hits="3" branch="false"/>
            <line number="62" hits="3" branch="false"/>
            <line number="63" hits="3" branch="false"/>
            <line number="65" hits="3" branch="false"/>
            <line number="66" hits="3" branch="false"/>
            <line number="67" hits="3" branch="false"/>
            <line number="69" hits="3" branch="false"/>
            <line number="70" hits="2" branch="false"/>
            <line number="71" hits="2" branch="false"/>
            <line number="72" hits="2" branch="false"/>
            <line number="73" hits="2" branch="false"/>
            <line number="76" hits="3" branch="false"/>
            <line number="77" hits="1" branch="false"/>
            <line number="78" hits="1" branch="false"/>
            <line number="79" hits="1" branch="false"/>
            <line number="80" hits="1" branch="false"/>
            <line number="83" hits="3" branch="false"/>
            <line number="84" hits="3" branch="false"/>
            <line number="85" hits="3" branch="false"/>
            <line number="86" hits="3" branch="false"/>
            <line number="87" hits="3" branch="false"/>
            <line number="90" hits="2" branch="false"/>
          </lines>
        </class>
        <class name="dm_unite.R" filename="R/dm_unite.R" line-rate="1" branch-rate="0" complexity="0">
          <methods>
            <method name="dm_unite" signature="" line-rate="1" branch-rate="0">
              <lines>
                <line number="17" hits="3" branch="false"/>
                <line number="18" hits="3" branch="false"/>
                <line number="19" hits="3" branch="false"/>
                <line number="20" hits="3" branch="false"/>
                <line number="21" hits="3" branch="false"/>
                <line number="22" hits="3" branch="false"/>
                <line number="23" hits="3" branch="false"/>
                <line number="25" hits="3" branch="false"/>
                <line number="26" hits="3" branch="false"/>
                <line number="28" hits="3" branch="false"/>
                <line number="30" hits="3" branch="false"/>
                <line number="31" hits="3" branch="false"/>
                <line number="32" hits="3" branch="false"/>
                <line number="34" hits="3" branch="false"/>
                <line number="35" hits="3" branch="false"/>
                <line number="36" hits="3" branch="false"/>
                <line number="37" hits="3" branch="false"/>
                <line number="40" hits="3" branch="false"/>
                <line number="43" hits="3" branch="false"/>
                <line number="44" hits="3" branch="false"/>
                <line number="45" hits="3" branch="false"/>
                <line number="46" hits="3" branch="false"/>
                <line number="49" hits="3" branch="false"/>
                <line number="50" hits="3" branch="false"/>
                <line number="51" hits="3" branch="false"/>
                <line number="54" hits="3" branch="false"/>
                <line number="55" hits="3" branch="false"/>
                <line number="57" hits="3" branch="false"/>
                <line number="59" hits="3" branch="false"/>
                <line number="60" hits="3" branch="false"/>
                <line number="61" hits="3" branch="false"/>
              </lines>
            </method>
          </methods>
          <lines>
            <line number="17" hits="3" branch="false"/>
            <line number="18" hits="3" branch="false"/>
            <line number="19" hits="3" branch="false"/>
            <line number="20" hits="3" branch="false"/>
            <line number="21" hits="3" branch="false"/>
            <line number="22" hits="3" branch="false"/>
            <line number="23" hits="3" branch="false"/>
            <line number="25" hits="3" branch="false"/>
            <line number="26" hits="3" branch="false"/>
            <line number="28" hits="3" branch="false"/>
            <line number="30" hits="3" branch="false"/>
            <line number="31" hits="3" branch="false"/>
            <line number="32" hits="3" branch="false"/>
            <line number="34" hits="3" branch="false"/>
            <line number="35" hits="3" branch="false"/>
            <line number="36" hits="3" branch="false"/>
            <line number="37" hits="3" branch="false"/>
            <line number="40" hits="3" branch="false"/>
            <line number="43" hits="3" branch="false"/>
            <line number="44" hits="3" branch="false"/>
            <line number="45" hits="3" branch="false"/>
            <line number="46" hits="3" branch="false"/>
            <line number="49" hits="3" branch="false"/>
            <line number="50" hits="3" branch="false"/>
            <line number="51" hits="3" branch="false"/>
            <line number="54" hits="3" branch="false"/>
            <line number="55" hits="3" branch="false"/>
            <line number="57" hits="3" branch="false"/>
            <line number="59" hits="3" branch="false"/>
            <line number="60" hits="3" branch="false"/>
            <line number="61" hits="3" branch="false"/>
          </lines>
        </class>
        <class name="join_adsub_adsl.R" filename="R/join_adsub_adsl.R" line-rate="1" branch-rate="0" complexity="0">
          <methods>
            <method name="join_adsub_adsl" signature="" line-rate="1" branch-rate="0">
              <lines>
                <line number="48" hits="6" branch="false"/>
                <line number="49" hits="6" branch="false"/>
                <line number="50" hits="6" branch="false"/>
                <line number="51" hits="6" branch="false"/>
                <line number="52" hits="6" branch="false"/>
                <line number="53" hits="6" branch="false"/>
                <line number="55" hits="6" branch="false"/>
                <line number="56" hits="6" branch="false"/>
                <line number="57" hits="6" branch="false"/>
                <line number="59" hits="6" branch="false"/>
                <line number="60" hits="6" branch="false"/>
                <line number="61" hits="6" branch="false"/>
                <line number="62" hits="6" branch="false"/>
                <line number="63" hits="4" branch="false"/>
                <line number="64" hits="6" branch="false"/>
                <line number="65" hits="6" branch="false"/>
                <line number="68" hits="6" branch="false"/>
                <line number="69" hits="6" branch="false"/>
                <line number="70" hits="6" branch="false"/>
                <line number="71" hits="6" branch="false"/>
                <line number="72" hits="6" branch="false"/>
                <line number="73" hits="6" branch="false"/>
                <line number="74" hits="4" branch="false"/>
                <line number="75" hits="6" branch="false"/>
                <line number="76" hits="6" branch="false"/>
                <line number="77" hits="6" branch="false"/>
                <line number="78" hits="6" branch="false"/>
                <line number="79" hits="6" branch="false"/>
                <line number="80" hits="6" branch="false"/>
                <line number="84" hits="6" branch="false"/>
                <line number="85" hits="6" branch="false"/>
                <line number="86" hits="6" branch="false"/>
                <line number="87" hits="1" branch="false"/>
                <line number="88" hits="1" branch="false"/>
                <line number="89" hits="1" branch="false"/>
                <line number="90" hits="1" branch="false"/>
                <line number="91" hits="1" branch="false"/>
                <line number="92" hits="1" branch="false"/>
                <line number="93" hits="1" branch="false"/>
                <line number="97" hits="6" branch="false"/>
                <line number="98" hits="6" branch="false"/>
                <line number="99" hits="6" branch="false"/>
                <line number="100" hits="1" branch="false"/>
                <line number="101" hits="1" branch="false"/>
                <line number="102" hits="1" branch="false"/>
                <line number="103" hits="1" branch="false"/>
                <line number="104" hits="1" branch="false"/>
                <line number="105" hits="1" branch="false"/>
                <line number="106" hits="1" branch="false"/>
                <line number="107" hits="1" branch="false"/>
                <line number="110" hits="6" branch="false"/>
                <line number="111" hits="6" branch="false"/>
                <line number="112" hits="6" branch="false"/>
                <line number="115" hits="6" branch="false"/>
                <line number="117" hits="6" branch="false"/>
                <line number="118" hits="12" branch="false"/>
                <line number="120" hits="12" branch="false"/>
                <line number="122" hits="12" branch="false"/>
                <line number="123" hits="12" branch="false"/>
                <line number="124" hits="12" branch="false"/>
                <line number="126" hits="12" branch="false"/>
                <line number="127" hits="12" branch="false"/>
                <line number="128" hits="12" branch="false"/>
                <line number="129" hits="12" branch="false"/>
                <line number="130" hits="12" branch="false"/>
                <line number="131" hits="12" branch="false"/>
                <line number="134" hits="6" branch="false"/>
              </lines>
            </method>
          </methods>
          <lines>
            <line number="48" hits="6" branch="false"/>
            <line number="49" hits="6" branch="false"/>
            <line number="50" hits="6" branch="false"/>
            <line number="51" hits="6" branch="false"/>
            <line number="52" hits="6" branch="false"/>
            <line number="53" hits="6" branch="false"/>
            <line number="55" hits="6" branch="false"/>
            <line number="56" hits="6" branch="false"/>
            <line number="57" hits="6" branch="false"/>
            <line number="59" hits="6" branch="false"/>
            <line number="60" hits="6" branch="false"/>
            <line number="61" hits="6" branch="false"/>
            <line number="62" hits="6" branch="false"/>
            <line number="63" hits="4" branch="false"/>
            <line number="64" hits="6" branch="false"/>
            <line number="65" hits="6" branch="false"/>
            <line number="68" hits="6" branch="false"/>
            <line number="69" hits="6" branch="false"/>
            <line number="70" hits="6" branch="false"/>
            <line number="71" hits="6" branch="false"/>
            <line number="72" hits="6" branch="false"/>
            <line number="73" hits="6" branch="false"/>
            <line number="74" hits="4" branch="false"/>
            <line number="75" hits="6" branch="false"/>
            <line number="76" hits="6" branch="false"/>
            <line number="77" hits="6" branch="false"/>
            <line number="78" hits="6" branch="false"/>
            <line number="79" hits="6" branch="false"/>
            <line number="80" hits="6" branch="false"/>
            <line number="84" hits="6" branch="false"/>
            <line number="85" hits="6" branch="false"/>
            <line number="86" hits="6" branch="false"/>
            <line number="87" hits="1" branch="false"/>
            <line number="88" hits="1" branch="false"/>
            <line number="89" hits="1" branch="false"/>
            <line number="90" hits="1" branch="false"/>
            <line number="91" hits="1" branch="false"/>
            <line number="92" hits="1" branch="false"/>
            <line number="93" hits="1" branch="false"/>
            <line number="97" hits="6" branch="false"/>
            <line number="98" hits="6" branch="false"/>
            <line number="99" hits="6" branch="false"/>
            <line number="100" hits="1" branch="false"/>
            <line number="101" hits="1" branch="false"/>
            <line number="102" hits="1" branch="false"/>
            <line number="103" hits="1" branch="false"/>
            <line number="104" hits="1" branch="false"/>
            <line number="105" hits="1" branch="false"/>
            <line number="106" hits="1" branch="false"/>
            <line number="107" hits="1" branch="false"/>
            <line number="110" hits="6" branch="false"/>
            <line number="111" hits="6" branch="false"/>
            <line number="112" hits="6" branch="false"/>
            <line number="115" hits="6" branch="false"/>
            <line number="117" hits="6" branch="false"/>
            <line number="118" hits="12" branch="false"/>
            <line number="120" hits="12" branch="false"/>
            <line number="122" hits="12" branch="false"/>
            <line number="123" hits="12" branch="false"/>
            <line number="124" hits="12" branch="false"/>
            <line number="126" hits="12" branch="false"/>
            <line number="127" hits="12" branch="false"/>
            <line number="128" hits="12" branch="false"/>
            <line number="129" hits="12" branch="false"/>
            <line number="130" hits="12" branch="false"/>
            <line number="131" hits="12" branch="false"/>
            <line number="134" hits="6" branch="false"/>
          </lines>
        </class>
        <class name="pivot.R" filename="R/pivot.R" line-rate="1" branch-rate="0" complexity="0">
          <methods>
            <method name="mini_pivot_wider" signature="" line-rate="1" branch-rate="0">
              <lines>
                <line number="32" hits="3" branch="false"/>
                <line number="33" hits="3" branch="false"/>
                <line number="34" hits="3" branch="false"/>
                <line number="35" hits="1" branch="false"/>
                <line number="36" hits="1" branch="false"/>
                <line number="37" hits="1" branch="false"/>
                <line number="39" hits="1" branch="false"/>
                <line number="40" hits="1" branch="false"/>
                <line number="42" hits="1" branch="false"/>
                <line number="43" hits="1" branch="false"/>
                <line number="46" hits="1" branch="false"/>
                <line number="47" hits="1" branch="false"/>
                <line number="48" hits="1" branch="false"/>
                <line number="49" hits="1" branch="false"/>
                <line number="50" hits="1" branch="false"/>
                <line number="53" hits="1" branch="false"/>
                <line number="55" hits="1" branch="false"/>
                <line number="57" hits="1" branch="false"/>
                <line number="58" hits="1" branch="false"/>
                <line number="60" hits="1" branch="false"/>
              </lines>
            </method>
            <method name="multi_pivot_wider" signature="" line-rate="1" branch-rate="0">
              <lines>
                <line number="95" hits="21" branch="false"/>
                <line number="96" hits="21" branch="false"/>
                <line number="97" hits="21" branch="false"/>
                <line number="98" hits="21" branch="false"/>
                <line number="99" hits="21" branch="false"/>
                <line number="100" hits="20" branch="false"/>
                <line number="103" hits="20" branch="false"/>
                <line number="104" hits="20" branch="false"/>
                <line number="105" hits="20" branch="false"/>
                <line number="107" hits="20" branch="false"/>
                <line number="109" hits="20" branch="false"/>
                <line number="110" hits="20" branch="false"/>
                <line number="111" hits="20" branch="false"/>
                <line number="113" hits="20" branch="false"/>
                <line number="116" hits="20" branch="false"/>
                <line number="117" hits="20" branch="false"/>
                <line number="118" hits="20" branch="false"/>
                <line number="119" hits="20" branch="false"/>
                <line number="120" hits="20" branch="false"/>
                <line number="123" hits="20" branch="false"/>
                <line number="125" hits="18" branch="false"/>
                <line number="127" hits="20" branch="false"/>
                <line number="129" hits="20" branch="false"/>
                <line number="131" hits="20" branch="false"/>
                <line number="132" hits="20" branch="false"/>
              </lines>
            </method>
            <method name="poly_pivot_wider" signature="" line-rate="1" branch-rate="0">
              <lines>
                <line number="181" hits="8" branch="false"/>
                <line number="184" hits="8" branch="false"/>
                <line number="185" hits="1" branch="false"/>
                <line number="186" hits="1" branch="false"/>
                <line number="188" hits="7" branch="false"/>
                <line number="189" hits="7" branch="false"/>
                <line number="191" hits="7" branch="false"/>
                <line number="192" hits="7" branch="false"/>
                <line number="194" hits="7" branch="false"/>
                <line number="195" hits="7" branch="false"/>
                <line number="199" hits="8" branch="false"/>
                <line number="200" hits="8" branch="false"/>
                <line number="201" hits="8" branch="false"/>
                <line number="202" hits="8" branch="false"/>
                <line number="203" hits="8" branch="false"/>
                <line number="205" hits="8" branch="false"/>
                <line number="207" hits="8" branch="false"/>
                <line number="208" hits="8" branch="false"/>
                <line number="209" hits="16" branch="false"/>
                <line number="210" hits="16" branch="false"/>
                <line number="211" hits="16" branch="false"/>
                <line number="212" hits="16" branch="false"/>
                <line number="213" hits="16" branch="false"/>
                <line number="214" hits="16" branch="false"/>
                <line number="215" hits="16" branch="false"/>
                <line number="217" hits="16" branch="false"/>
                <line number="218" hits="16" branch="false"/>
                <line number="220" hits="8" branch="false"/>
              </lines>
            </method>
          </methods>
          <lines>
            <line number="32" hits="3" branch="false"/>
            <line number="33" hits="3" branch="false"/>
            <line number="34" hits="3" branch="false"/>
            <line number="35" hits="1" branch="false"/>
            <line number="36" hits="1" branch="false"/>
            <line number="37" hits="1" branch="false"/>
            <line number="39" hits="1" branch="false"/>
            <line number="40" hits="1" branch="false"/>
            <line number="42" hits="1" branch="false"/>
            <line number="43" hits="1" branch="false"/>
            <line number="46" hits="1" branch="false"/>
            <line number="47" hits="1" branch="false"/>
            <line number="48" hits="1" branch="false"/>
            <line number="49" hits="1" branch="false"/>
            <line number="50" hits="1" branch="false"/>
            <line number="53" hits="1" branch="false"/>
            <line number="55" hits="1" branch="false"/>
            <line number="57" hits="1" branch="false"/>
            <line number="58" hits="1" branch="false"/>
            <line number="60" hits="1" branch="false"/>
            <line number="95" hits="21" branch="false"/>
            <line number="96" hits="21" branch="false"/>
            <line number="97" hits="21" branch="false"/>
            <line number="98" hits="21" branch="false"/>
            <line number="99" hits="21" branch="false"/>
            <line number="100" hits="20" branch="false"/>
            <line number="103" hits="20" branch="false"/>
            <line number="104" hits="20" branch="false"/>
            <line number="105" hits="20" branch="false"/>
            <line number="107" hits="20" branch="false"/>
            <line number="109" hits="20" branch="false"/>
            <line number="110" hits="20" branch="false"/>
            <line number="111" hits="20" branch="false"/>
            <line number="113" hits="20" branch="false"/>
            <line number="116" hits="20" branch="false"/>
            <line number="117" hits="20" branch="false"/>
            <line number="118" hits="20" branch="false"/>
            <line number="119" hits="20" branch="false"/>
            <line number="120" hits="20" branch="false"/>
            <line number="123" hits="20" branch="false"/>
            <line number="125" hits="18" branch="false"/>
            <line number="127" hits="20" branch="false"/>
            <line number="129" hits="20" branch="false"/>
            <line number="131" hits="20" branch="false"/>
            <line number="132" hits="20" branch="false"/>
            <line number="181" hits="8" branch="false"/>
            <line number="184" hits="8" branch="false"/>
            <line number="185" hits="1" branch="false"/>
            <line number="186" hits="1" branch="false"/>
            <line number="188" hits="7" branch="false"/>
            <line number="189" hits="7" branch="false"/>
            <line number="191" hits="7" branch="false"/>
            <line number="192" hits="7" branch="false"/>
            <line number="194" hits="7" branch="false"/>
            <line number="195" hits="7" branch="false"/>
            <line number="199" hits="8" branch="false"/>
            <line number="200" hits="8" branch="false"/>
            <line number="201" hits="8" branch="false"/>
            <line number="202" hits="8" branch="false"/>
            <line number="203" hits="8" branch="false"/>
            <line number="205" hits="8" branch="false"/>
            <line number="207" hits="8" branch="false"/>
            <line number="208" hits="8" branch="false"/>
            <line number="209" hits="16" branch="false"/>
            <line number="210" hits="16" branch="false"/>
            <line number="211" hits="16" branch="false"/>
            <line number="212" hits="16" branch="false"/>
            <line number="213" hits="16" branch="false"/>
            <line number="214" hits="16" branch="false"/>
            <line number="215" hits="16" branch="false"/>
            <line number="217" hits="16" branch="false"/>
            <line number="218" hits="16" branch="false"/>
            <line number="220" hits="8" branch="false"/>
          </lines>
        </class>
        <class name="propagate.R" filename="R/propagate.R" line-rate="1" branch-rate="0" complexity="0">
          <methods>
            <method name="propagate" signature="" line-rate="1" branch-rate="0">
              <lines>
                <line number="21" hits="3" branch="false"/>
                <line number="22" hits="3" branch="false"/>
                <line number="23" hits="3" branch="false"/>
                <line number="24" hits="3" branch="false"/>
                <line number="25" hits="3" branch="false"/>
                <line number="27" hits="3" branch="false"/>
                <line number="28" hits="1" branch="false"/>
                <line number="29" hits="1" branch="false"/>
                <line number="32" hits="2" branch="false"/>
                <line number="33" hits="4" branch="false"/>
                <line number="35" hits="4" branch="false"/>
                <line number="36" hits="2" branch="false"/>
                <line number="37" hits="2" branch="false"/>
                <line number="39" hits="2" branch="false"/>
                <line number="41" hits="2" branch="false"/>
                <line number="42" hits="2" branch="false"/>
                <line number="43" hits="2" branch="false"/>
                <line number="44" hits="2" branch="false"/>
                <line number="45" hits="2" branch="false"/>
                <line number="47" hits="2" branch="false"/>
                <line number="50" hits="2" branch="false"/>
                <line number="51" hits="2" branch="false"/>
              </lines>
            </method>
          </methods>
          <lines>
            <line number="21" hits="3" branch="false"/>
            <line number="22" hits="3" branch="false"/>
            <line number="23" hits="3" branch="false"/>
            <line number="24" hits="3" branch="false"/>
            <line number="25" hits="3" branch="false"/>
            <line number="27" hits="3" branch="false"/>
            <line number="28" hits="1" branch="false"/>
            <line number="29" hits="1" branch="false"/>
            <line number="32" hits="2" branch="false"/>
            <line number="33" hits="4" branch="false"/>
            <line number="35" hits="4" branch="false"/>
            <line number="36" hits="2" branch="false"/>
            <line number="37" hits="2" branch="false"/>
            <line number="39" hits="2" branch="false"/>
            <line number="41" hits="2" branch="false"/>
            <line number="42" hits="2" branch="false"/>
            <line number="43" hits="2" branch="false"/>
            <line number="44" hits="2" branch="false"/>
            <line number="45" hits="2" branch="false"/>
            <line number="47" hits="2" branch="false"/>
            <line number="50" hits="2" branch="false"/>
            <line number="51" hits="2" branch="false"/>
          </lines>
        </class>
        <class name="reformat.R" filename="R/reformat.R" line-rate="0.975" branch-rate="0" complexity="0">
          <methods>
            <method name="apply_reformat" signature="" line-rate="0.952380952380952" branch-rate="0">
              <lines>
                <line number="55" hits="6" branch="false"/>
                <line number="56" hits="0" branch="false"/>
                <line number="59" hits="6" branch="false"/>
                <line number="61" hits="6" branch="false"/>
                <line number="62" hits="6" branch="false"/>
                <line number="63" hits="1" branch="false"/>
                <line number="64" hits="1" branch="false"/>
                <line number="68" hits="6" branch="false"/>
                <line number="69" hits="13" branch="false"/>
                <line number="72" hits="13" branch="false"/>
                <line number="73" hits="15" branch="false"/>
                <line number="76" hits="15" branch="false"/>
                <line number="77" hits="4" branch="false"/>
                <line number="80" hits="11" branch="false"/>
                <line number="81" hits="11" branch="false"/>
                <line number="82" hits="11" branch="false"/>
                <line number="84" hits="11" branch="false"/>
                <line number="85" hits="2" branch="false"/>
                <line number="86" hits="4" branch="false"/>
                <line number="89" hits="9" branch="false"/>
                <line number="93" hits="6" branch="false"/>
              </lines>
            </method>
            <method name="h_reformat_tab" signature="" line-rate="0.976190476190476" branch-rate="0">
              <lines>
                <line number="140" hits="14" branch="false"/>
                <line number="141" hits="14" branch="false"/>
                <line number="142" hits="14" branch="false"/>
                <line number="143" hits="14" branch="false"/>
                <line number="144" hits="14" branch="false"/>
                <line number="146" hits="14" branch="false"/>
                <line number="147" hits="0" branch="false"/>
                <line number="149" hits="14" branch="false"/>
                <line number="150" hits="2" branch="false"/>
                <line number="153" hits="12" branch="false"/>
                <line number="155" hits="12" branch="false"/>
                <line number="156" hits="3" branch="false"/>
                <line number="157" hits="3" branch="false"/>
                <line number="158" hits="3" branch="false"/>
                <line number="159" hits="3" branch="false"/>
                <line number="161" hits="3" branch="false"/>
                <line number="164" hits="9" branch="false"/>
                <line number="165" hits="9" branch="false"/>
                <line number="169" hits="9" branch="false"/>
                <line number="170" hits="9" branch="false"/>
                <line number="171" hits="9" branch="false"/>
                <line number="172" hits="9" branch="false"/>
                <line number="175" hits="9" branch="false"/>
                <line number="176" hits="9" branch="false"/>
                <line number="178" hits="9" branch="false"/>
                <line number="179" hits="4" branch="false"/>
                <line number="180" hits="4" branch="false"/>
                <line number="181" hits="4" branch="false"/>
                <line number="185" hits="9" branch="false"/>
                <line number="186" hits="2" branch="false"/>
                <line number="187" hits="2" branch="false"/>
                <line number="188" hits="2" branch="false"/>
                <line number="191" hits="9" branch="false"/>
                <line number="192" hits="9" branch="false"/>
                <line number="195" hits="9" branch="false"/>
                <line number="196" hits="9" branch="false"/>
                <line number="197" hits="1" branch="false"/>
                <line number="200" hits="9" branch="false"/>
                <line number="201" hits="9" branch="false"/>
                <line number="202" hits="9" branch="false"/>
                <line number="203" hits="9" branch="false"/>
                <line number="205" hits="9" branch="false"/>
              </lines>
            </method>
            <method name="assert_reformat" signature="" line-rate="1" branch-rate="0">
              <lines>
                <line number="259" hits="12" branch="false"/>
                <line number="262" hits="12" branch="false"/>
                <line number="263" hits="12" branch="false"/>
                <line number="264" hits="12" branch="false"/>
                <line number="265" hits="1" branch="false"/>
                <line number="268" hits="12" branch="false"/>
                <line number="271" hits="12" branch="false"/>
                <line number="272" hits="12" branch="false"/>
                <line number="273" hits="1" branch="false"/>
                <line number="277" hits="12" branch="false"/>
                <line number="278" hits="12" branch="false"/>
                <line number="279" hits="12" branch="false"/>
                <line number="280" hits="12" branch="false"/>
                <line number="281" hits="1" branch="false"/>
                <line number="284" hits="12" branch="false"/>
                <line number="285" hits="11" branch="false"/>
                <line number="287" hits="1" branch="false"/>
              </lines>
            </method>
          </methods>
          <lines>
            <line number="55" hits="6" branch="false"/>
            <line number="56" hits="0" branch="false"/>
            <line number="59" hits="6" branch="false"/>
            <line number="61" hits="6" branch="false"/>
            <line number="62" hits="6" branch="false"/>
            <line number="63" hits="1" branch="false"/>
            <line number="64" hits="1" branch="false"/>
            <line number="68" hits="6" branch="false"/>
            <line number="69" hits="13" branch="false"/>
            <line number="72" hits="13" branch="false"/>
            <line number="73" hits="15" branch="false"/>
            <line number="76" hits="15" branch="false"/>
            <line number="77" hits="4" branch="false"/>
            <line number="80" hits="11" branch="false"/>
            <line number="81" hits="11" branch="false"/>
            <line number="82" hits="11" branch="false"/>
            <line number="84" hits="11" branch="false"/>
            <line number="85" hits="2" branch="false"/>
            <line number="86" hits="4" branch="false"/>
            <line number="89" hits="9" branch="false"/>
            <line number="93" hits="6" branch="false"/>
            <line number="140" hits="14" branch="false"/>
            <line number="141" hits="14" branch="false"/>
            <line number="142" hits="14" branch="false"/>
            <line number="143" hits="14" branch="false"/>
            <line number="144" hits="14" branch="false"/>
            <line number="146" hits="14" branch="false"/>
            <line number="147" hits="0" branch="false"/>
            <line number="149" hits="14" branch="false"/>
            <line number="150" hits="2" branch="false"/>
            <line number="153" hits="12" branch="false"/>
            <line number="155" hits="12" branch="false"/>
            <line number="156" hits="3" branch="false"/>
            <line number="157" hits="3" branch="false"/>
            <line number="158" hits="3" branch="false"/>
            <line number="159" hits="3" branch="false"/>
            <line number="161" hits="3" branch="false"/>
            <line number="164" hits="9" branch="false"/>
            <line number="165" hits="9" branch="false"/>
            <line number="169" hits="9" branch="false"/>
            <line number="170" hits="9" branch="false"/>
            <line number="171" hits="9" branch="false"/>
            <line number="172" hits="9" branch="false"/>
            <line number="175" hits="9" branch="false"/>
            <line number="176" hits="9" branch="false"/>
            <line number="178" hits="9" branch="false"/>
            <line number="179" hits="4" branch="false"/>
            <line number="180" hits="4" branch="false"/>
            <line number="181" hits="4" branch="false"/>
            <line number="185" hits="9" branch="false"/>
            <line number="186" hits="2" branch="false"/>
            <line number="187" hits="2" branch="false"/>
            <line number="188" hits="2" branch="false"/>
            <line number="191" hits="9" branch="false"/>
            <line number="192" hits="9" branch="false"/>
            <line number="195" hits="9" branch="false"/>
            <line number="196" hits="9" branch="false"/>
            <line number="197" hits="1" branch="false"/>
            <line number="200" hits="9" branch="false"/>
            <line number="201" hits="9" branch="false"/>
            <line number="202" hits="9" branch="false"/>
            <line number="203" hits="9" branch="false"/>
            <line number="205" hits="9" branch="false"/>
            <line number="259" hits="12" branch="false"/>
            <line number="262" hits="12" branch="false"/>
            <line number="263" hits="12" branch="false"/>
            <line number="264" hits="12" branch="false"/>
            <line number="265" hits="1" branch="false"/>
            <line number="268" hits="12" branch="false"/>
            <line number="271" hits="12" branch="false"/>
            <line number="272" hits="12" branch="false"/>
            <line number="273" hits="1" branch="false"/>
            <line number="277" hits="12" branch="false"/>
            <line number="278" hits="12" branch="false"/>
            <line number="279" hits="12" branch="false"/>
            <line number="280" hits="12" branch="false"/>
            <line number="281" hits="1" branch="false"/>
            <line number="284" hits="12" branch="false"/>
            <line number="285" hits="11" branch="false"/>
            <line number="287" hits="1" branch="false"/>
          </lines>
        </class>
        <class name="utils.R" filename="R/utils.R" line-rate="1" branch-rate="0" complexity="0">
          <methods>
            <method name="h_ws_to_na" signature="" line-rate="1" branch-rate="0">
              <lines>
                <line number="26" hits="15" branch="false"/>
                <line number="27" hits="5" branch="false"/>
                <line number="29" hits="5" branch="false"/>
                <line number="31" hits="5" branch="false"/>
                <line number="32" hits="10" branch="false"/>
                <line number="33" hits="8" branch="false"/>
                <line number="35" hits="8" branch="false"/>
                <line number="37" hits="2" branch="false"/>
                <line number="39" hits="15" branch="false"/>
              </lines>
            </method>
            <method name="h_ws_to_explicit_na" signature="" line-rate="1" branch-rate="0">
              <lines>
                <line number="68" hits="13" branch="false"/>
                <line number="70" hits="13" branch="false"/>
                <line number="72" hits="13" branch="false"/>
                <line number="73" hits="11" branch="false"/>
                <line number="75" hits="2" branch="false"/>
              </lines>
            </method>
            <method name="h_as_factor" signature="" line-rate="1" branch-rate="0">
              <lines>
                <line number="95" hits="11" branch="false"/>
                <line number="97" hits="11" branch="false"/>
                <line number="99" hits="11" branch="false"/>
                <line number="101" hits="11" branch="false"/>
                <line number="103" hits="11" branch="false"/>
              </lines>
            </method>
            <method name="attr_label" signature="" line-rate="1" branch-rate="0">
              <lines>
                <line number="121" hits="89" branch="false"/>
                <line number="123" hits="88" branch="false"/>
                <line number="124" hits="88" branch="false"/>
                <line number="126" hits="88" branch="false"/>
              </lines>
            </method>
            <method name="attr_label_df" signature="" line-rate="1" branch-rate="0">
              <lines>
                <line number="142" hits="20" branch="false"/>
                <line number="143" hits="20" branch="false"/>
                <line number="145" hits="19" branch="false"/>
                <line number="146" hits="19" branch="false"/>
              </lines>
            </method>
          </methods>
          <lines>
            <line number="26" hits="15" branch="false"/>
            <line number="27" hits="5" branch="false"/>
            <line number="29" hits="5" branch="false"/>
            <line number="31" hits="5" branch="false"/>
            <line number="32" hits="10" branch="false"/>
            <line number="33" hits="8" branch="false"/>
            <line number="35" hits="8" branch="false"/>
            <line number="37" hits="2" branch="false"/>
            <line number="39" hits="15" branch="false"/>
            <line number="68" hits="13" branch="false"/>
            <line number="70" hits="13" branch="false"/>
            <line number="72" hits="13" branch="false"/>
            <line number="73" hits="11" branch="false"/>
            <line number="75" hits="2" branch="false"/>
            <line number="95" hits="11" branch="false"/>
            <line number="97" hits="11" branch="false"/>
            <line number="99" hits="11" branch="false"/>
            <line number="101" hits="11" branch="false"/>
            <line number="103" hits="11" branch="false"/>
            <line number="121" hits="89" branch="false"/>
            <line number="123" hits="88" branch="false"/>
            <line number="124" hits="88" branch="false"/>
            <line number="126" hits="88" branch="false"/>
            <line number="142" hits="20" branch="false"/>
            <line number="143" hits="20" branch="false"/>
            <line number="145" hits="19" branch="false"/>
            <line number="146" hits="19" branch="false"/>
          </lines>
        </class>
      </classes>
    </package>
  </packages>
</coverage>
