<?xml version="1.0" encoding="UTF-8"?>
<!DOCTYPE coverage SYSTEM "https://raw.githubusercontent.com/cobertura/cobertura/master/cobertura/src/site/htdocs/xml/coverage-04.dtd">
<coverage line-rate="0.961224489795918" branch-rate="0" lines-covered="471" lines-valid="490" branches-covered="0" branches-valid="0" complexity="0" version="3.6.2" timestamp="2023-05-22 07:33:31">
  <sources>
    <source>/__w/dunlin/dunlin/dunlin</source>
  </sources>
  <packages>
    <package name="dunlin" line-rate="0.961224489795918" branch-rate="0" complexity="0">
      <classes>
        <class name="assertions.R" filename="R/assertions.R" line-rate="1" branch-rate="0" complexity="0">
          <methods>
            <method name="assert_valid_format" signature="" line-rate="1" branch-rate="0" complexity="0">
              <lines>
                <line number="22" hits="4" branch="false"/>
                <line number="25" hits="4" branch="false"/>
                <line number="28" hits="4" branch="false"/>
                <line number="29" hits="4" branch="false"/>
                <line number="30" hits="4" branch="false"/>
                <line number="31" hits="4" branch="false"/>
                <line number="32" hits="4" branch="false"/>
                <line number="33" hits="4" branch="false"/>
                <line number="34" hits="4" branch="false"/>
                <line number="35" hits="4" branch="false"/>
                <line number="36" hits="4" branch="false"/>
                <line number="37" hits="4" branch="false"/>
                <line number="38" hits="4" branch="false"/>
                <line number="39" hits="4" branch="false"/>
                <line number="40" hits="4" branch="false"/>
                <line number="41" hits="4" branch="false"/>
                <line number="43" hits="4" branch="false"/>
              </lines>
            </method>
            <method name="assert_valid_list_format" signature="" line-rate="1" branch-rate="0" complexity="0">
              <lines>
                <line number="66" hits="2" branch="false"/>
                <line number="69" hits="2" branch="false"/>
                <line number="72" hits="2" branch="false"/>
                <line number="73" hits="2" branch="false"/>
                <line number="74" hits="2" branch="false"/>
                <line number="75" hits="2" branch="false"/>
                <line number="76" hits="2" branch="false"/>
                <line number="77" hits="2" branch="false"/>
                <line number="78" hits="2" branch="false"/>
                <line number="79" hits="2" branch="false"/>
                <line number="80" hits="2" branch="false"/>
                <line number="81" hits="2" branch="false"/>
                <line number="82" hits="2" branch="false"/>
                <line number="83" hits="2" branch="false"/>
                <line number="84" hits="2" branch="false"/>
                <line number="85" hits="2" branch="false"/>
                <line number="88" hits="2" branch="false"/>
                <line number="89" hits="2" branch="false"/>
                <line number="90" hits="2" branch="false"/>
                <line number="91" hits="2" branch="false"/>
                <line number="92" hits="2" branch="false"/>
                <line number="93" hits="2" branch="false"/>
                <line number="94" hits="2" branch="false"/>
                <line number="95" hits="2" branch="false"/>
                <line number="96" hits="2" branch="false"/>
                <line number="97" hits="2" branch="false"/>
                <line number="98" hits="2" branch="false"/>
                <line number="99" hits="2" branch="false"/>
                <line number="100" hits="2" branch="false"/>
                <line number="101" hits="2" branch="false"/>
                <line number="102" hits="2" branch="false"/>
                <line number="103" hits="2" branch="false"/>
                <line number="104" hits="2" branch="false"/>
                <line number="105" hits="2" branch="false"/>
                <line number="106" hits="2" branch="false"/>
                <line number="107" hits="2" branch="false"/>
                <line number="109" hits="2" branch="false"/>
              </lines>
            </method>
          </methods>
          <lines>
            <line number="22" hits="4" branch="false"/>
            <line number="25" hits="4" branch="false"/>
            <line number="28" hits="4" branch="false"/>
            <line number="29" hits="4" branch="false"/>
            <line number="30" hits="4" branch="false"/>
            <line number="31" hits="4" branch="false"/>
            <line number="32" hits="4" branch="false"/>
            <line number="33" hits="4" branch="false"/>
            <line number="34" hits="4" branch="false"/>
            <line number="35" hits="4" branch="false"/>
            <line number="36" hits="4" branch="false"/>
            <line number="37" hits="4" branch="false"/>
            <line number="38" hits="4" branch="false"/>
            <line number="39" hits="4" branch="false"/>
            <line number="40" hits="4" branch="false"/>
            <line number="41" hits="4" branch="false"/>
            <line number="43" hits="4" branch="false"/>
            <line number="66" hits="2" branch="false"/>
            <line number="69" hits="2" branch="false"/>
            <line number="72" hits="2" branch="false"/>
            <line number="73" hits="2" branch="false"/>
            <line number="74" hits="2" branch="false"/>
            <line number="75" hits="2" branch="false"/>
            <line number="76" hits="2" branch="false"/>
            <line number="77" hits="2" branch="false"/>
            <line number="78" hits="2" branch="false"/>
            <line number="79" hits="2" branch="false"/>
            <line number="80" hits="2" branch="false"/>
            <line number="81" hits="2" branch="false"/>
            <line number="82" hits="2" branch="false"/>
            <line number="83" hits="2" branch="false"/>
            <line number="84" hits="2" branch="false"/>
            <line number="85" hits="2" branch="false"/>
            <line number="88" hits="2" branch="false"/>
            <line number="89" hits="2" branch="false"/>
            <line number="90" hits="2" branch="false"/>
            <line number="91" hits="2" branch="false"/>
            <line number="92" hits="2" branch="false"/>
            <line number="93" hits="2" branch="false"/>
            <line number="94" hits="2" branch="false"/>
            <line number="95" hits="2" branch="false"/>
            <line number="96" hits="2" branch="false"/>
            <line number="97" hits="2" branch="false"/>
            <line number="98" hits="2" branch="false"/>
            <line number="99" hits="2" branch="false"/>
            <line number="100" hits="2" branch="false"/>
            <line number="101" hits="2" branch="false"/>
            <line number="102" hits="2" branch="false"/>
            <line number="103" hits="2" branch="false"/>
            <line number="104" hits="2" branch="false"/>
            <line number="105" hits="2" branch="false"/>
            <line number="106" hits="2" branch="false"/>
            <line number="107" hits="2" branch="false"/>
            <line number="109" hits="2" branch="false"/>
          </lines>
        </class>
        <class name="co_relevels.R" filename="R/co_relevels.R" line-rate="1" branch-rate="0" complexity="0">
          <methods>
            <method name="co_relevels" signature="" line-rate="1" branch-rate="0" complexity="0">
              <lines>
                <line number="23" hits="6" branch="false"/>
                <line number="24" hits="6" branch="false"/>
                <line number="25" hits="6" branch="false"/>
                <line number="26" hits="6" branch="false"/>
                <line number="27" hits="5" branch="false"/>
                <line number="29" hits="5" branch="false"/>
                <line number="30" hits="5" branch="false"/>
                <line number="33" hits="5" branch="false"/>
                <line number="34" hits="5" branch="false"/>
                <line number="36" hits="5" branch="false"/>
                <line number="37" hits="1" branch="false"/>
                <line number="40" hits="4" branch="false"/>
                <line number="42" hits="4" branch="false"/>
                <line number="43" hits="4" branch="false"/>
                <line number="45" hits="4" branch="false"/>
                <line number="46" hits="4" branch="false"/>
                <line number="48" hits="4" branch="false"/>
              </lines>
            </method>
          </methods>
          <lines>
            <line number="23" hits="6" branch="false"/>
            <line number="24" hits="6" branch="false"/>
            <line number="25" hits="6" branch="false"/>
            <line number="26" hits="6" branch="false"/>
            <line number="27" hits="5" branch="false"/>
            <line number="29" hits="5" branch="false"/>
            <line number="30" hits="5" branch="false"/>
            <line number="33" hits="5" branch="false"/>
            <line number="34" hits="5" branch="false"/>
            <line number="36" hits="5" branch="false"/>
            <line number="37" hits="1" branch="false"/>
            <line number="40" hits="4" branch="false"/>
            <line number="42" hits="4" branch="false"/>
            <line number="43" hits="4" branch="false"/>
            <line number="45" hits="4" branch="false"/>
            <line number="46" hits="4" branch="false"/>
            <line number="48" hits="4" branch="false"/>
          </lines>
        </class>
        <class name="cut_by_group.R" filename="R/cut_by_group.R" line-rate="1" branch-rate="0" complexity="0">
          <methods>
            <method name="cut_by_group" signature="" line-rate="1" branch-rate="0" complexity="0">
              <lines>
                <line number="54" hits="4" branch="false"/>
                <line number="55" hits="4" branch="false"/>
                <line number="56" hits="4" branch="false"/>
                <line number="57" hits="4" branch="false"/>
                <line number="59" hits="4" branch="false"/>
                <line number="60" hits="4" branch="false"/>
                <line number="61" hits="4" branch="false"/>
                <line number="62" hits="4" branch="false"/>
                <line number="63" hits="4" branch="false"/>
                <line number="64" hits="4" branch="false"/>
                <line number="66" hits="4" branch="false"/>
                <line number="68" hits="4" branch="false"/>
                <line number="69" hits="10" branch="false"/>
                <line number="71" hits="10" branch="false"/>
                <line number="73" hits="3" branch="false"/>
              </lines>
            </method>
          </methods>
          <lines>
            <line number="54" hits="4" branch="false"/>
            <line number="55" hits="4" branch="false"/>
            <line number="56" hits="4" branch="false"/>
            <line number="57" hits="4" branch="false"/>
            <line number="59" hits="4" branch="false"/>
            <line number="60" hits="4" branch="false"/>
            <line number="61" hits="4" branch="false"/>
            <line number="62" hits="4" branch="false"/>
            <line number="63" hits="4" branch="false"/>
            <line number="64" hits="4" branch="false"/>
            <line number="66" hits="4" branch="false"/>
            <line number="68" hits="4" branch="false"/>
            <line number="69" hits="10" branch="false"/>
            <line number="71" hits="10" branch="false"/>
            <line number="73" hits="3" branch="false"/>
          </lines>
        </class>
        <class name="explicit_na.R" filename="R/explicit_na.R" line-rate="1" branch-rate="0" complexity="0">
          <methods>
            <method name="ls_explicit_na" signature="" line-rate="1" branch-rate="0" complexity="0">
              <lines>
                <line number="42" hits="3" branch="false"/>
                <line number="43" hits="3" branch="false"/>
                <line number="44" hits="3" branch="false"/>
                <line number="45" hits="3" branch="false"/>
                <line number="46" hits="3" branch="false"/>
                <line number="48" hits="3" branch="false"/>
                <line number="49" hits="3" branch="false"/>
                <line number="50" hits="1" branch="false"/>
                <line number="53" hits="2" branch="false"/>
                <line number="54" hits="2" branch="false"/>
                <line number="55" hits="2" branch="false"/>
                <line number="56" hits="2" branch="false"/>
                <line number="57" hits="2" branch="false"/>
                <line number="58" hits="2" branch="false"/>
                <line number="59" hits="2" branch="false"/>
                <line number="61" hits="2" branch="false"/>
              </lines>
            </method>
            <method name="h_df_explicit" signature="" line-rate="1" branch-rate="0" complexity="0">
              <lines>
                <line number="85" hits="3" branch="false"/>
                <line number="86" hits="3" branch="false"/>
                <line number="87" hits="3" branch="false"/>
                <line number="89" hits="3" branch="false"/>
                <line number="90" hits="3" branch="false"/>
                <line number="91" hits="3" branch="false"/>
                <line number="92" hits="3" branch="false"/>
                <line number="93" hits="3" branch="false"/>
                <line number="94" hits="3" branch="false"/>
                <line number="95" hits="3" branch="false"/>
              </lines>
            </method>
          </methods>
          <lines>
            <line number="42" hits="3" branch="false"/>
            <line number="43" hits="3" branch="false"/>
            <line number="44" hits="3" branch="false"/>
            <line number="45" hits="3" branch="false"/>
            <line number="46" hits="3" branch="false"/>
            <line number="48" hits="3" branch="false"/>
            <line number="49" hits="3" branch="false"/>
            <line number="50" hits="1" branch="false"/>
            <line number="53" hits="2" branch="false"/>
            <line number="54" hits="2" branch="false"/>
            <line number="55" hits="2" branch="false"/>
            <line number="56" hits="2" branch="false"/>
            <line number="57" hits="2" branch="false"/>
            <line number="58" hits="2" branch="false"/>
            <line number="59" hits="2" branch="false"/>
            <line number="61" hits="2" branch="false"/>
            <line number="85" hits="3" branch="false"/>
            <line number="86" hits="3" branch="false"/>
            <line number="87" hits="3" branch="false"/>
            <line number="89" hits="3" branch="false"/>
            <line number="90" hits="3" branch="false"/>
            <line number="91" hits="3" branch="false"/>
            <line number="92" hits="3" branch="false"/>
            <line number="93" hits="3" branch="false"/>
            <line number="94" hits="3" branch="false"/>
            <line number="95" hits="3" branch="false"/>
          </lines>
        </class>
        <class name="filter.R" filename="R/filter.R" line-rate="0.887323943661972" branch-rate="0" complexity="0">
          <methods>
            <method name="log_filter" signature="" line-rate="1" branch-rate="0" complexity="0">
              <lines>
                <line number="15" hits="29" branch="false"/>
              </lines>
            </method>
            <method name="log_filter.data.frame" signature="" line-rate="1" branch-rate="0" complexity="0">
              <lines>
                <line number="23" hits="17" branch="false"/>
                <line number="25" hits="17" branch="false"/>
                <line number="26" hits="17" branch="false"/>
                <line number="27" hits="17" branch="false"/>
                <line number="28" hits="17" branch="false"/>
                <line number="29" hits="17" branch="false"/>
                <line number="30" hits="1" branch="false"/>
                <line number="32" hits="16" branch="false"/>
                <line number="33" hits="16" branch="false"/>
                <line number="34" hits="16" branch="false"/>
                <line number="35" hits="16" branch="false"/>
                <line number="36" hits="16" branch="false"/>
              </lines>
            </method>
            <method name="log_filter.list" signature="" line-rate="0.9375" branch-rate="0" complexity="0">
              <lines>
                <line number="46" hits="12" branch="false"/>
                <line number="47" hits="12" branch="false"/>
                <line number="48" hits="12" branch="false"/>
                <line number="49" hits="12" branch="false"/>
                <line number="50" hits="12" branch="false"/>
                <line number="51" hits="12" branch="false"/>
                <line number="52" hits="4" branch="false"/>
                <line number="53" hits="4" branch="false"/>
                <line number="54" hits="0" branch="false"/>
                <line number="56" hits="4" branch="false"/>
                <line number="57" hits="4" branch="false"/>
                <line number="59" hits="4" branch="false"/>
                <line number="61" hits="4" branch="false"/>
                <line number="62" hits="4" branch="false"/>
                <line number="63" hits="4" branch="false"/>
                <line number="67" hits="12" branch="false"/>
              </lines>
            </method>
            <method name="get_log" signature="" line-rate="1" branch-rate="0" complexity="0">
              <lines>
                <line number="80" hits="33" branch="false"/>
              </lines>
            </method>
            <method name="get_log.data.frame" signature="" line-rate="0.857142857142857" branch-rate="0" complexity="0">
              <lines>
                <line number="92" hits="22" branch="false"/>
                <line number="94" hits="22" branch="false"/>
                <line number="95" hits="22" branch="false"/>
                <line number="96" hits="0" branch="false"/>
                <line number="97" hits="0" branch="false"/>
                <line number="100" hits="22" branch="false"/>
                <line number="101" hits="15" branch="false"/>
                <line number="102" hits="15" branch="false"/>
                <line number="103" hits="15" branch="false"/>
                <line number="104" hits="15" branch="false"/>
                <line number="105" hits="15" branch="false"/>
                <line number="106" hits="7" branch="false"/>
                <line number="107" hits="4" branch="false"/>
                <line number="109" hits="3" branch="false"/>
              </lines>
            </method>
            <method name="get_log.list" signature="" line-rate="1" branch-rate="0" complexity="0">
              <lines>
                <line number="127" hits="11" branch="false"/>
                <line number="128" hits="11" branch="false"/>
                <line number="130" hits="11" branch="false"/>
              </lines>
            </method>
            <method name="print_log" signature="" line-rate="1" branch-rate="0" complexity="0">
              <lines>
                <line number="141" hits="7" branch="false"/>
              </lines>
            </method>
            <method name="print_log.data.frame" signature="" line-rate="0" branch-rate="0" complexity="0">
              <lines>
                <line number="150" hits="0" branch="false"/>
                <line number="152" hits="0" branch="false"/>
                <line number="153" hits="0" branch="false"/>
                <line number="154" hits="0" branch="false"/>
                <line number="155" hits="0" branch="false"/>
              </lines>
            </method>
            <method name="print_log.list" signature="" line-rate="1" branch-rate="0" complexity="0">
              <lines>
                <line number="178" hits="7" branch="false"/>
                <line number="179" hits="7" branch="false"/>
                <line number="181" hits="7" branch="false"/>
                <line number="183" hits="7" branch="false"/>
                <line number="184" hits="2" branch="false"/>
                <line number="187" hits="7" branch="false"/>
                <line number="188" hits="7" branch="false"/>
                <line number="189" hits="1" branch="false"/>
                <line number="191" hits="6" branch="false"/>
                <line number="192" hits="6" branch="false"/>
                <line number="193" hits="6" branch="false"/>
                <line number="194" hits="6" branch="false"/>
                <line number="195" hits="6" branch="false"/>
                <line number="196" hits="6" branch="false"/>
                <line number="197" hits="6" branch="false"/>
                <line number="198" hits="6" branch="false"/>
                <line number="200" hits="7" branch="false"/>
                <line number="202" hits="7" branch="false"/>
              </lines>
            </method>
          </methods>
          <lines>
            <line number="15" hits="29" branch="false"/>
            <line number="23" hits="17" branch="false"/>
            <line number="25" hits="17" branch="false"/>
            <line number="26" hits="17" branch="false"/>
            <line number="27" hits="17" branch="false"/>
            <line number="28" hits="17" branch="false"/>
            <line number="29" hits="17" branch="false"/>
            <line number="30" hits="1" branch="false"/>
            <line number="32" hits="16" branch="false"/>
            <line number="33" hits="16" branch="false"/>
            <line number="34" hits="16" branch="false"/>
            <line number="35" hits="16" branch="false"/>
            <line number="36" hits="16" branch="false"/>
            <line number="46" hits="12" branch="false"/>
            <line number="47" hits="12" branch="false"/>
            <line number="48" hits="12" branch="false"/>
            <line number="49" hits="12" branch="false"/>
            <line number="50" hits="12" branch="false"/>
            <line number="51" hits="12" branch="false"/>
            <line number="52" hits="4" branch="false"/>
            <line number="53" hits="4" branch="false"/>
            <line number="54" hits="0" branch="false"/>
            <line number="56" hits="4" branch="false"/>
            <line number="57" hits="4" branch="false"/>
            <line number="59" hits="4" branch="false"/>
            <line number="61" hits="4" branch="false"/>
            <line number="62" hits="4" branch="false"/>
            <line number="63" hits="4" branch="false"/>
            <line number="67" hits="12" branch="false"/>
            <line number="80" hits="33" branch="false"/>
            <line number="92" hits="22" branch="false"/>
            <line number="94" hits="22" branch="false"/>
            <line number="95" hits="22" branch="false"/>
            <line number="96" hits="0" branch="false"/>
            <line number="97" hits="0" branch="false"/>
            <line number="100" hits="22" branch="false"/>
            <line number="101" hits="15" branch="false"/>
            <line number="102" hits="15" branch="false"/>
            <line number="103" hits="15" branch="false"/>
            <line number="104" hits="15" branch="false"/>
            <line number="105" hits="15" branch="false"/>
            <line number="106" hits="7" branch="false"/>
            <line number="107" hits="4" branch="false"/>
            <line number="109" hits="3" branch="false"/>
            <line number="127" hits="11" branch="false"/>
            <line number="128" hits="11" branch="false"/>
            <line number="130" hits="11" branch="false"/>
            <line number="141" hits="7" branch="false"/>
            <line number="150" hits="0" branch="false"/>
            <line number="152" hits="0" branch="false"/>
            <line number="153" hits="0" branch="false"/>
            <line number="154" hits="0" branch="false"/>
            <line number="155" hits="0" branch="false"/>
            <line number="178" hits="7" branch="false"/>
            <line number="179" hits="7" branch="false"/>
            <line number="181" hits="7" branch="false"/>
            <line number="183" hits="7" branch="false"/>
            <line number="184" hits="2" branch="false"/>
            <line number="187" hits="7" branch="false"/>
            <line number="188" hits="7" branch="false"/>
            <line number="189" hits="1" branch="false"/>
            <line number="191" hits="6" branch="false"/>
            <line number="192" hits="6" branch="false"/>
            <line number="193" hits="6" branch="false"/>
            <line number="194" hits="6" branch="false"/>
            <line number="195" hits="6" branch="false"/>
            <line number="196" hits="6" branch="false"/>
            <line number="197" hits="6" branch="false"/>
            <line number="198" hits="6" branch="false"/>
            <line number="200" hits="7" branch="false"/>
            <line number="202" hits="7" branch="false"/>
          </lines>
        </class>
        <class name="join_adsub_adsl.R" filename="R/join_adsub_adsl.R" line-rate="0.878787878787879" branch-rate="0" complexity="0">
          <methods>
            <method name="join_adsub_adsl" signature="" line-rate="1" branch-rate="0" complexity="0">
              <lines>
                <line number="26" hits="5" branch="false"/>
              </lines>
            </method>
            <method name="join_adsub_adsl.list" signature="" line-rate="1" branch-rate="0" complexity="0">
              <lines>
                <line number="58" hits="5" branch="false"/>
                <line number="59" hits="5" branch="false"/>
                <line number="60" hits="5" branch="false"/>
                <line number="61" hits="5" branch="false"/>
                <line number="62" hits="5" branch="false"/>
                <line number="63" hits="5" branch="false"/>
                <line number="65" hits="5" branch="false"/>
                <line number="66" hits="5" branch="false"/>
                <line number="67" hits="5" branch="false"/>
                <line number="70" hits="5" branch="false"/>
                <line number="71" hits="5" branch="false"/>
                <line number="72" hits="5" branch="false"/>
                <line number="73" hits="5" branch="false"/>
                <line number="74" hits="4" branch="false"/>
                <line number="75" hits="5" branch="false"/>
                <line number="76" hits="5" branch="false"/>
                <line number="79" hits="5" branch="false"/>
                <line number="80" hits="5" branch="false"/>
                <line number="81" hits="5" branch="false"/>
                <line number="82" hits="5" branch="false"/>
                <line number="83" hits="5" branch="false"/>
                <line number="84" hits="5" branch="false"/>
                <line number="85" hits="4" branch="false"/>
                <line number="86" hits="5" branch="false"/>
                <line number="87" hits="5" branch="false"/>
                <line number="88" hits="5" branch="false"/>
                <line number="89" hits="5" branch="false"/>
                <line number="90" hits="5" branch="false"/>
                <line number="91" hits="5" branch="false"/>
                <line number="94" hits="5" branch="false"/>
                <line number="97" hits="5" branch="false"/>
                <line number="100" hits="5" branch="false"/>
                <line number="101" hits="5" branch="false"/>
                <line number="102" hits="5" branch="false"/>
                <line number="105" hits="5" branch="false"/>
                <line number="106" hits="10" branch="false"/>
                <line number="107" hits="10" branch="false"/>
                <line number="108" hits="10" branch="false"/>
                <line number="110" hits="10" branch="false"/>
                <line number="111" hits="10" branch="false"/>
                <line number="112" hits="10" branch="false"/>
                <line number="113" hits="10" branch="false"/>
                <line number="114" hits="10" branch="false"/>
                <line number="117" hits="5" branch="false"/>
              </lines>
            </method>
            <method name="assert_names_collision" signature="" line-rate="0.272727272727273" branch-rate="0" complexity="0">
              <lines>
                <line number="123" hits="5" branch="false"/>
                <line number="124" hits="5" branch="false"/>
                <line number="125" hits="5" branch="false"/>
                <line number="126" hits="0" branch="false"/>
                <line number="127" hits="0" branch="false"/>
                <line number="128" hits="0" branch="false"/>
                <line number="129" hits="0" branch="false"/>
                <line number="130" hits="0" branch="false"/>
                <line number="131" hits="0" branch="false"/>
                <line number="132" hits="0" branch="false"/>
                <line number="133" hits="0" branch="false"/>
              </lines>
            </method>
            <method name="assert_names_notadsl" signature="" line-rate="1" branch-rate="0" complexity="0">
              <lines>
                <line number="138" hits="5" branch="false"/>
                <line number="139" hits="5" branch="false"/>
                <line number="140" hits="5" branch="false"/>
                <line number="141" hits="1" branch="false"/>
                <line number="142" hits="1" branch="false"/>
                <line number="143" hits="1" branch="false"/>
                <line number="144" hits="1" branch="false"/>
                <line number="145" hits="1" branch="false"/>
                <line number="146" hits="1" branch="false"/>
                <line number="147" hits="1" branch="false"/>
              </lines>
            </method>
          </methods>
          <lines>
            <line number="26" hits="5" branch="false"/>
            <line number="58" hits="5" branch="false"/>
            <line number="59" hits="5" branch="false"/>
            <line number="60" hits="5" branch="false"/>
            <line number="61" hits="5" branch="false"/>
            <line number="62" hits="5" branch="false"/>
            <line number="63" hits="5" branch="false"/>
            <line number="65" hits="5" branch="false"/>
            <line number="66" hits="5" branch="false"/>
            <line number="67" hits="5" branch="false"/>
            <line number="70" hits="5" branch="false"/>
            <line number="71" hits="5" branch="false"/>
            <line number="72" hits="5" branch="false"/>
            <line number="73" hits="5" branch="false"/>
            <line number="74" hits="4" branch="false"/>
            <line number="75" hits="5" branch="false"/>
            <line number="76" hits="5" branch="false"/>
            <line number="79" hits="5" branch="false"/>
            <line number="80" hits="5" branch="false"/>
            <line number="81" hits="5" branch="false"/>
            <line number="82" hits="5" branch="false"/>
            <line number="83" hits="5" branch="false"/>
            <line number="84" hits="5" branch="false"/>
            <line number="85" hits="4" branch="false"/>
            <line number="86" hits="5" branch="false"/>
            <line number="87" hits="5" branch="false"/>
            <line number="88" hits="5" branch="false"/>
            <line number="89" hits="5" branch="false"/>
            <line number="90" hits="5" branch="false"/>
            <line number="91" hits="5" branch="false"/>
            <line number="94" hits="5" branch="false"/>
            <line number="97" hits="5" branch="false"/>
            <line number="100" hits="5" branch="false"/>
            <line number="101" hits="5" branch="false"/>
            <line number="102" hits="5" branch="false"/>
            <line number="105" hits="5" branch="false"/>
            <line number="106" hits="10" branch="false"/>
            <line number="107" hits="10" branch="false"/>
            <line number="108" hits="10" branch="false"/>
            <line number="110" hits="10" branch="false"/>
            <line number="111" hits="10" branch="false"/>
            <line number="112" hits="10" branch="false"/>
            <line number="113" hits="10" branch="false"/>
            <line number="114" hits="10" branch="false"/>
            <line number="117" hits="5" branch="false"/>
            <line number="123" hits="5" branch="false"/>
            <line number="124" hits="5" branch="false"/>
            <line number="125" hits="5" branch="false"/>
            <line number="126" hits="0" branch="false"/>
            <line number="127" hits="0" branch="false"/>
            <line number="128" hits="0" branch="false"/>
            <line number="129" hits="0" branch="false"/>
            <line number="130" hits="0" branch="false"/>
            <line number="131" hits="0" branch="false"/>
            <line number="132" hits="0" branch="false"/>
            <line number="133" hits="0" branch="false"/>
            <line number="138" hits="5" branch="false"/>
            <line number="139" hits="5" branch="false"/>
            <line number="140" hits="5" branch="false"/>
            <line number="141" hits="1" branch="false"/>
            <line number="142" hits="1" branch="false"/>
            <line number="143" hits="1" branch="false"/>
            <line number="144" hits="1" branch="false"/>
            <line number="145" hits="1" branch="false"/>
            <line number="146" hits="1" branch="false"/>
            <line number="147" hits="1" branch="false"/>
          </lines>
        </class>
        <class name="pivot.R" filename="R/pivot.R" line-rate="1" branch-rate="0" complexity="0">
          <methods>
            <method name="mini_pivot_wider" signature="" line-rate="1" branch-rate="0" complexity="0">
              <lines>
                <line number="30" hits="3" branch="false"/>
                <line number="31" hits="3" branch="false"/>
                <line number="32" hits="3" branch="false"/>
                <line number="33" hits="1" branch="false"/>
                <line number="34" hits="1" branch="false"/>
                <line number="35" hits="1" branch="false"/>
                <line number="37" hits="1" branch="false"/>
                <line number="38" hits="1" branch="false"/>
                <line number="40" hits="1" branch="false"/>
                <line number="41" hits="1" branch="false"/>
                <line number="44" hits="1" branch="false"/>
                <line number="45" hits="1" branch="false"/>
                <line number="46" hits="1" branch="false"/>
                <line number="47" hits="1" branch="false"/>
                <line number="48" hits="1" branch="false"/>
                <line number="51" hits="1" branch="false"/>
                <line number="53" hits="1" branch="false"/>
                <line number="55" hits="1" branch="false"/>
                <line number="56" hits="1" branch="false"/>
                <line number="58" hits="1" branch="false"/>
              </lines>
            </method>
            <method name="multi_pivot_wider" signature="" line-rate="1" branch-rate="0" complexity="0">
              <lines>
                <line number="93" hits="19" branch="false"/>
                <line number="94" hits="19" branch="false"/>
                <line number="95" hits="19" branch="false"/>
                <line number="96" hits="19" branch="false"/>
                <line number="97" hits="19" branch="false"/>
                <line number="98" hits="18" branch="false"/>
                <line number="101" hits="18" branch="false"/>
                <line number="102" hits="18" branch="false"/>
                <line number="103" hits="18" branch="false"/>
                <line number="105" hits="18" branch="false"/>
                <line number="107" hits="18" branch="false"/>
                <line number="108" hits="18" branch="false"/>
                <line number="109" hits="18" branch="false"/>
                <line number="111" hits="18" branch="false"/>
                <line number="114" hits="18" branch="false"/>
                <line number="115" hits="18" branch="false"/>
                <line number="116" hits="18" branch="false"/>
                <line number="117" hits="18" branch="false"/>
                <line number="118" hits="18" branch="false"/>
                <line number="121" hits="18" branch="false"/>
                <line number="123" hits="16" branch="false"/>
                <line number="125" hits="18" branch="false"/>
                <line number="127" hits="18" branch="false"/>
                <line number="129" hits="18" branch="false"/>
                <line number="130" hits="18" branch="false"/>
              </lines>
            </method>
            <method name="poly_pivot_wider" signature="" line-rate="1" branch-rate="0" complexity="0">
              <lines>
                <line number="179" hits="7" branch="false"/>
                <line number="182" hits="7" branch="false"/>
                <line number="183" hits="1" branch="false"/>
                <line number="184" hits="1" branch="false"/>
                <line number="186" hits="6" branch="false"/>
                <line number="187" hits="6" branch="false"/>
                <line number="189" hits="6" branch="false"/>
                <line number="190" hits="6" branch="false"/>
                <line number="192" hits="6" branch="false"/>
                <line number="193" hits="6" branch="false"/>
                <line number="197" hits="7" branch="false"/>
                <line number="198" hits="7" branch="false"/>
                <line number="199" hits="7" branch="false"/>
                <line number="200" hits="7" branch="false"/>
                <line number="201" hits="7" branch="false"/>
                <line number="203" hits="7" branch="false"/>
                <line number="205" hits="7" branch="false"/>
                <line number="206" hits="7" branch="false"/>
                <line number="207" hits="14" branch="false"/>
                <line number="208" hits="14" branch="false"/>
                <line number="209" hits="14" branch="false"/>
                <line number="210" hits="14" branch="false"/>
                <line number="211" hits="14" branch="false"/>
                <line number="212" hits="14" branch="false"/>
                <line number="213" hits="14" branch="false"/>
                <line number="215" hits="14" branch="false"/>
                <line number="216" hits="14" branch="false"/>
                <line number="218" hits="7" branch="false"/>
              </lines>
            </method>
          </methods>
          <lines>
            <line number="30" hits="3" branch="false"/>
            <line number="31" hits="3" branch="false"/>
            <line number="32" hits="3" branch="false"/>
            <line number="33" hits="1" branch="false"/>
            <line number="34" hits="1" branch="false"/>
            <line number="35" hits="1" branch="false"/>
            <line number="37" hits="1" branch="false"/>
            <line number="38" hits="1" branch="false"/>
            <line number="40" hits="1" branch="false"/>
            <line number="41" hits="1" branch="false"/>
            <line number="44" hits="1" branch="false"/>
            <line number="45" hits="1" branch="false"/>
            <line number="46" hits="1" branch="false"/>
            <line number="47" hits="1" branch="false"/>
            <line number="48" hits="1" branch="false"/>
            <line number="51" hits="1" branch="false"/>
            <line number="53" hits="1" branch="false"/>
            <line number="55" hits="1" branch="false"/>
            <line number="56" hits="1" branch="false"/>
            <line number="58" hits="1" branch="false"/>
            <line number="93" hits="19" branch="false"/>
            <line number="94" hits="19" branch="false"/>
            <line number="95" hits="19" branch="false"/>
            <line number="96" hits="19" branch="false"/>
            <line number="97" hits="19" branch="false"/>
            <line number="98" hits="18" branch="false"/>
            <line number="101" hits="18" branch="false"/>
            <line number="102" hits="18" branch="false"/>
            <line number="103" hits="18" branch="false"/>
            <line number="105" hits="18" branch="false"/>
            <line number="107" hits="18" branch="false"/>
            <line number="108" hits="18" branch="false"/>
            <line number="109" hits="18" branch="false"/>
            <line number="111" hits="18" branch="false"/>
            <line number="114" hits="18" branch="false"/>
            <line number="115" hits="18" branch="false"/>
            <line number="116" hits="18" branch="false"/>
            <line number="117" hits="18" branch="false"/>
            <line number="118" hits="18" branch="false"/>
            <line number="121" hits="18" branch="false"/>
            <line number="123" hits="16" branch="false"/>
            <line number="125" hits="18" branch="false"/>
            <line number="127" hits="18" branch="false"/>
            <line number="129" hits="18" branch="false"/>
            <line number="130" hits="18" branch="false"/>
            <line number="179" hits="7" branch="false"/>
            <line number="182" hits="7" branch="false"/>
            <line number="183" hits="1" branch="false"/>
            <line number="184" hits="1" branch="false"/>
            <line number="186" hits="6" branch="false"/>
            <line number="187" hits="6" branch="false"/>
            <line number="189" hits="6" branch="false"/>
            <line number="190" hits="6" branch="false"/>
            <line number="192" hits="6" branch="false"/>
            <line number="193" hits="6" branch="false"/>
            <line number="197" hits="7" branch="false"/>
            <line number="198" hits="7" branch="false"/>
            <line number="199" hits="7" branch="false"/>
            <line number="200" hits="7" branch="false"/>
            <line number="201" hits="7" branch="false"/>
            <line number="203" hits="7" branch="false"/>
            <line number="205" hits="7" branch="false"/>
            <line number="206" hits="7" branch="false"/>
            <line number="207" hits="14" branch="false"/>
            <line number="208" hits="14" branch="false"/>
            <line number="209" hits="14" branch="false"/>
            <line number="210" hits="14" branch="false"/>
            <line number="211" hits="14" branch="false"/>
            <line number="212" hits="14" branch="false"/>
            <line number="213" hits="14" branch="false"/>
            <line number="215" hits="14" branch="false"/>
            <line number="216" hits="14" branch="false"/>
            <line number="218" hits="7" branch="false"/>
          </lines>
        </class>
        <class name="propagate.R" filename="R/propagate.R" line-rate="0.954545454545455" branch-rate="0" complexity="0">
          <methods>
            <method name="propagate" signature="" line-rate="1" branch-rate="0" complexity="0">
              <lines>
                <line number="19" hits="3" branch="false"/>
              </lines>
            </method>
            <method name="propagate.list" signature="" line-rate="0.952380952380952" branch-rate="0" complexity="0">
              <lines>
                <line number="49" hits="3" branch="false"/>
                <line number="50" hits="3" branch="false"/>
                <line number="51" hits="3" branch="false"/>
                <line number="52" hits="3" branch="false"/>
                <line number="53" hits="3" branch="false"/>
                <line number="55" hits="3" branch="false"/>
                <line number="56" hits="2" branch="false"/>
                <line number="57" hits="1" branch="false"/>
                <line number="60" hits="2" branch="false"/>
                <line number="62" hits="2" branch="false"/>
                <line number="63" hits="2" branch="false"/>
                <line number="64" hits="2" branch="false"/>
                <line number="65" hits="2" branch="false"/>
                <line number="66" hits="2" branch="false"/>
                <line number="67" hits="2" branch="false"/>
                <line number="69" hits="2" branch="false"/>
                <line number="71" hits="2" branch="false"/>
                <line number="72" hits="2" branch="false"/>
                <line number="74" hits="0" branch="false"/>
                <line number="77" hits="2" branch="false"/>
                <line number="78" hits="2" branch="false"/>
              </lines>
            </method>
          </methods>
          <lines>
            <line number="19" hits="3" branch="false"/>
            <line number="49" hits="3" branch="false"/>
            <line number="50" hits="3" branch="false"/>
            <line number="51" hits="3" branch="false"/>
            <line number="52" hits="3" branch="false"/>
            <line number="53" hits="3" branch="false"/>
            <line number="55" hits="3" branch="false"/>
            <line number="56" hits="2" branch="false"/>
            <line number="57" hits="1" branch="false"/>
            <line number="60" hits="2" branch="false"/>
            <line number="62" hits="2" branch="false"/>
            <line number="63" hits="2" branch="false"/>
            <line number="64" hits="2" branch="false"/>
            <line number="65" hits="2" branch="false"/>
            <line number="66" hits="2" branch="false"/>
            <line number="67" hits="2" branch="false"/>
            <line number="69" hits="2" branch="false"/>
            <line number="71" hits="2" branch="false"/>
            <line number="72" hits="2" branch="false"/>
            <line number="74" hits="0" branch="false"/>
            <line number="77" hits="2" branch="false"/>
            <line number="78" hits="2" branch="false"/>
          </lines>
        </class>
        <class name="reformat.R" filename="R/reformat.R" line-rate="1" branch-rate="0" complexity="0">
          <methods>
            <method name="reformat" signature="" line-rate="1" branch-rate="0" complexity="0">
              <lines>
                <line number="17" hits="36" branch="false"/>
              </lines>
            </method>
            <method name="reformat.default" signature="" line-rate="1" branch-rate="0" complexity="0">
              <lines>
                <line number="23" hits="2" branch="false"/>
                <line number="24" hits="1" branch="false"/>
                <line number="26" hits="2" branch="false"/>
              </lines>
            </method>
            <method name="reformat.character" signature="" line-rate="1" branch-rate="0" complexity="0">
              <lines>
                <line number="41" hits="14" branch="false"/>
                <line number="42" hits="14" branch="false"/>
                <line number="43" hits="14" branch="false"/>
                <line number="45" hits="14" branch="false"/>
                <line number="47" hits="11" branch="false"/>
                <line number="48" hits="11" branch="false"/>
                <line number="49" hits="11" branch="false"/>
                <line number="50" hits="11" branch="false"/>
                <line number="51" hits="11" branch="false"/>
                <line number="53" hits="11" branch="false"/>
                <line number="54" hits="4" branch="false"/>
                <line number="57" hits="7" branch="false"/>
                <line number="59" hits="3" branch="false"/>
                <line number="60" hits="1" branch="false"/>
                <line number="63" hits="2" branch="false"/>
                <line number="64" hits="2" branch="false"/>
                <line number="65" hits="2" branch="false"/>
                <line number="66" hits="2" branch="false"/>
              </lines>
            </method>
            <method name="reformat.factor" signature="" line-rate="1" branch-rate="0" complexity="0">
              <lines>
                <line number="83" hits="17" branch="false"/>
                <line number="84" hits="17" branch="false"/>
                <line number="86" hits="17" branch="false"/>
                <line number="87" hits="1" branch="false"/>
                <line number="90" hits="16" branch="false"/>
                <line number="92" hits="16" branch="false"/>
                <line number="93" hits="16" branch="false"/>
                <line number="94" hits="14" branch="false"/>
                <line number="97" hits="16" branch="false"/>
                <line number="98" hits="16" branch="false"/>
                <line number="99" hits="16" branch="false"/>
                <line number="100" hits="16" branch="false"/>
                <line number="101" hits="16" branch="false"/>
                <line number="103" hits="16" branch="false"/>
                <line number="104" hits="11" branch="false"/>
                <line number="105" hits="11" branch="false"/>
                <line number="107" hits="5" branch="false"/>
              </lines>
            </method>
            <method name="reformat.list" signature="" line-rate="1" branch-rate="0" complexity="0">
              <lines>
                <line number="141" hits="3" branch="false"/>
                <line number="142" hits="3" branch="false"/>
                <line number="143" hits="3" branch="false"/>
                <line number="144" hits="3" branch="false"/>
                <line number="145" hits="3" branch="false"/>
                <line number="147" hits="3" branch="false"/>
                <line number="148" hits="1" branch="false"/>
                <line number="151" hits="2" branch="false"/>
                <line number="153" hits="2" branch="false"/>
                <line number="154" hits="3" branch="false"/>
                <line number="155" hits="3" branch="false"/>
                <line number="157" hits="3" branch="false"/>
                <line number="158" hits="3" branch="false"/>
                <line number="159" hits="3" branch="false"/>
                <line number="160" hits="3" branch="false"/>
                <line number="161" hits="3" branch="false"/>
                <line number="162" hits="3" branch="false"/>
                <line number="165" hits="2" branch="false"/>
              </lines>
            </method>
          </methods>
          <lines>
            <line number="17" hits="36" branch="false"/>
            <line number="23" hits="2" branch="false"/>
            <line number="24" hits="1" branch="false"/>
            <line number="26" hits="2" branch="false"/>
            <line number="41" hits="14" branch="false"/>
            <line number="42" hits="14" branch="false"/>
            <line number="43" hits="14" branch="false"/>
            <line number="45" hits="14" branch="false"/>
            <line number="47" hits="11" branch="false"/>
            <line number="48" hits="11" branch="false"/>
            <line number="49" hits="11" branch="false"/>
            <line number="50" hits="11" branch="false"/>
            <line number="51" hits="11" branch="false"/>
            <line number="53" hits="11" branch="false"/>
            <line number="54" hits="4" branch="false"/>
            <line number="57" hits="7" branch="false"/>
            <line number="59" hits="3" branch="false"/>
            <line number="60" hits="1" branch="false"/>
            <line number="63" hits="2" branch="false"/>
            <line number="64" hits="2" branch="false"/>
            <line number="65" hits="2" branch="false"/>
            <line number="66" hits="2" branch="false"/>
            <line number="83" hits="17" branch="false"/>
            <line number="84" hits="17" branch="false"/>
            <line number="86" hits="17" branch="false"/>
            <line number="87" hits="1" branch="false"/>
            <line number="90" hits="16" branch="false"/>
            <line number="92" hits="16" branch="false"/>
            <line number="93" hits="16" branch="false"/>
            <line number="94" hits="14" branch="false"/>
            <line number="97" hits="16" branch="false"/>
            <line number="98" hits="16" branch="false"/>
            <line number="99" hits="16" branch="false"/>
            <line number="100" hits="16" branch="false"/>
            <line number="101" hits="16" branch="false"/>
            <line number="103" hits="16" branch="false"/>
            <line number="104" hits="11" branch="false"/>
            <line number="105" hits="11" branch="false"/>
            <line number="107" hits="5" branch="false"/>
            <line number="141" hits="3" branch="false"/>
            <line number="142" hits="3" branch="false"/>
            <line number="143" hits="3" branch="false"/>
            <line number="144" hits="3" branch="false"/>
            <line number="145" hits="3" branch="false"/>
            <line number="147" hits="3" branch="false"/>
            <line number="148" hits="1" branch="false"/>
            <line number="151" hits="2" branch="false"/>
            <line number="153" hits="2" branch="false"/>
            <line number="154" hits="3" branch="false"/>
            <line number="155" hits="3" branch="false"/>
            <line number="157" hits="3" branch="false"/>
            <line number="158" hits="3" branch="false"/>
            <line number="159" hits="3" branch="false"/>
            <line number="160" hits="3" branch="false"/>
            <line number="161" hits="3" branch="false"/>
            <line number="162" hits="3" branch="false"/>
            <line number="165" hits="2" branch="false"/>
          </lines>
        </class>
        <class name="rules.R" filename="R/rules.R" line-rate="1" branch-rate="0" complexity="0">
          <methods>
            <method name="rule" signature="" line-rate="1" branch-rate="0" complexity="0">
              <lines>
                <line number="7" hits="41" branch="false"/>
                <line number="8" hits="40" branch="false"/>
                <line number="9" hits="5" branch="false"/>
                <line number="11" hits="35" branch="false"/>
                <line number="12" hits="35" branch="false"/>
                <line number="13" hits="33" branch="false"/>
                <line number="14" hits="33" branch="false"/>
                <line number="15" hits="33" branch="false"/>
                <line number="16" hits="33" branch="false"/>
                <line number="17" hits="33" branch="false"/>
                <line number="18" hits="33" branch="false"/>
                <line number="19" hits="33" branch="false"/>
              </lines>
            </method>
            <method name="print.rule" signature="" line-rate="1" branch-rate="0" complexity="0">
              <lines>
                <line number="33" hits="1" branch="false"/>
                <line number="34" hits="1" branch="false"/>
                <line number="35" hits="1" branch="false"/>
                <line number="36" hits="2" branch="false"/>
              </lines>
            </method>
            <method name="list2rules" signature="" line-rate="1" branch-rate="0" complexity="0">
              <lines>
                <line number="51" hits="3" branch="false"/>
                <line number="52" hits="3" branch="false"/>
                <line number="53" hits="3" branch="false"/>
                <line number="54" hits="3" branch="false"/>
                <line number="56" hits="2" branch="false"/>
              </lines>
            </method>
            <method name="as.list.rule" signature="" line-rate="1" branch-rate="0" complexity="0">
              <lines>
                <line number="69" hits="2" branch="false"/>
                <line number="70" hits="2" branch="false"/>
                <line number="71" hits="2" branch="false"/>
                <line number="72" hits="2" branch="false"/>
                <line number="73" hits="2" branch="false"/>
                <line number="74" hits="2" branch="false"/>
              </lines>
            </method>
            <method name="print.empty_rule" signature="" line-rate="1" branch-rate="0" complexity="0">
              <lines>
                <line number="79" hits="1" branch="false"/>
              </lines>
            </method>
            <method name="read_rules" signature="" line-rate="1" branch-rate="0" complexity="0">
              <lines>
                <line number="86" hits="1" branch="false"/>
                <line number="87" hits="1" branch="false"/>
                <line number="88" hits="1" branch="false"/>
              </lines>
            </method>
          </methods>
          <lines>
            <line number="7" hits="41" branch="false"/>
            <line number="8" hits="40" branch="false"/>
            <line number="9" hits="5" branch="false"/>
            <line number="11" hits="35" branch="false"/>
            <line number="12" hits="35" branch="false"/>
            <line number="13" hits="33" branch="false"/>
            <line number="14" hits="33" branch="false"/>
            <line number="15" hits="33" branch="false"/>
            <line number="16" hits="33" branch="false"/>
            <line number="17" hits="33" branch="false"/>
            <line number="18" hits="33" branch="false"/>
            <line number="19" hits="33" branch="false"/>
            <line number="33" hits="1" branch="false"/>
            <line number="34" hits="1" branch="false"/>
            <line number="35" hits="1" branch="false"/>
            <line number="36" hits="2" branch="false"/>
            <line number="51" hits="3" branch="false"/>
            <line number="52" hits="3" branch="false"/>
            <line number="53" hits="3" branch="false"/>
            <line number="54" hits="3" branch="false"/>
            <line number="56" hits="2" branch="false"/>
            <line number="69" hits="2" branch="false"/>
            <line number="70" hits="2" branch="false"/>
            <line number="71" hits="2" branch="false"/>
            <line number="72" hits="2" branch="false"/>
            <line number="73" hits="2" branch="false"/>
            <line number="74" hits="2" branch="false"/>
            <line number="79" hits="1" branch="false"/>
            <line number="86" hits="1" branch="false"/>
            <line number="87" hits="1" branch="false"/>
            <line number="88" hits="1" branch="false"/>
          </lines>
        </class>
        <class name="unite.R" filename="R/unite.R" line-rate="0.935483870967742" branch-rate="0" complexity="0">
          <methods>
            <method name="ls_unite" signature="" line-rate="0.935483870967742" branch-rate="0" complexity="0">
              <lines>
                <line number="18" hits="2" branch="false"/>
                <line number="19" hits="2" branch="false"/>
                <line number="20" hits="2" branch="false"/>
                <line number="21" hits="2" branch="false"/>
                <line number="22" hits="2" branch="false"/>
                <line number="23" hits="2" branch="false"/>
                <line number="24" hits="2" branch="false"/>
                <line number="26" hits="2" branch="false"/>
                <line number="27" hits="2" branch="false"/>
                <line number="28" hits="2" branch="false"/>
                <line number="29" hits="0" branch="false"/>
                <line number="30" hits="2" branch="false"/>
                <line number="32" hits="2" branch="false"/>
                <line number="33" hits="2" branch="false"/>
                <line number="34" hits="2" branch="false"/>
                <line number="35" hits="2" branch="false"/>
                <line number="36" hits="2" branch="false"/>
                <line number="37" hits="0" branch="false"/>
                <line number="38" hits="2" branch="false"/>
                <line number="39" hits="2" branch="false"/>
                <line number="40" hits="2" branch="false"/>
                <line number="42" hits="2" branch="false"/>
                <line number="44" hits="2" branch="false"/>
                <line number="45" hits="2" branch="false"/>
                <line number="46" hits="2" branch="false"/>
                <line number="48" hits="2" branch="false"/>
                <line number="49" hits="2" branch="false"/>
                <line number="51" hits="2" branch="false"/>
                <line number="52" hits="2" branch="false"/>
                <line number="54" hits="2" branch="false"/>
                <line number="55" hits="2" branch="false"/>
              </lines>
            </method>
          </methods>
          <lines>
            <line number="18" hits="2" branch="false"/>
            <line number="19" hits="2" branch="false"/>
            <line number="20" hits="2" branch="false"/>
            <line number="21" hits="2" branch="false"/>
            <line number="22" hits="2" branch="false"/>
            <line number="23" hits="2" branch="false"/>
            <line number="24" hits="2" branch="false"/>
            <line number="26" hits="2" branch="false"/>
            <line number="27" hits="2" branch="false"/>
            <line number="28" hits="2" branch="false"/>
            <line number="29" hits="0" branch="false"/>
            <line number="30" hits="2" branch="false"/>
            <line number="32" hits="2" branch="false"/>
            <line number="33" hits="2" branch="false"/>
            <line number="34" hits="2" branch="false"/>
            <line number="35" hits="2" branch="false"/>
            <line number="36" hits="2" branch="false"/>
            <line number="37" hits="0" branch="false"/>
            <line number="38" hits="2" branch="false"/>
            <line number="39" hits="2" branch="false"/>
            <line number="40" hits="2" branch="false"/>
            <line number="42" hits="2" branch="false"/>
            <line number="44" hits="2" branch="false"/>
            <line number="45" hits="2" branch="false"/>
            <line number="46" hits="2" branch="false"/>
            <line number="48" hits="2" branch="false"/>
            <line number="49" hits="2" branch="false"/>
            <line number="51" hits="2" branch="false"/>
            <line number="52" hits="2" branch="false"/>
            <line number="54" hits="2" branch="false"/>
            <line number="55" hits="2" branch="false"/>
          </lines>
        </class>
        <class name="utils.R" filename="R/utils.R" line-rate="1" branch-rate="0" complexity="0">
          <methods>
            <method name="h_ws_to_na" signature="" line-rate="1" branch-rate="0" complexity="0">
              <lines>
                <line number="26" hits="9" branch="false"/>
                <line number="27" hits="2" branch="false"/>
                <line number="29" hits="2" branch="false"/>
                <line number="31" hits="2" branch="false"/>
                <line number="32" hits="7" branch="false"/>
                <line number="33" hits="6" branch="false"/>
                <line number="35" hits="6" branch="false"/>
                <line number="37" hits="1" branch="false"/>
                <line number="39" hits="9" branch="false"/>
              </lines>
            </method>
            <method name="h_ws_to_explicit_na" signature="" line-rate="1" branch-rate="0" complexity="0">
              <lines>
                <line number="68" hits="7" branch="false"/>
                <line number="70" hits="7" branch="false"/>
                <line number="72" hits="7" branch="false"/>
                <line number="73" hits="5" branch="false"/>
                <line number="75" hits="2" branch="false"/>
              </lines>
            </method>
            <method name="h_as_factor" signature="" line-rate="1" branch-rate="0" complexity="0">
              <lines>
                <line number="95" hits="4" branch="false"/>
                <line number="97" hits="4" branch="false"/>
                <line number="99" hits="4" branch="false"/>
                <line number="101" hits="4" branch="false"/>
                <line number="103" hits="4" branch="false"/>
              </lines>
            </method>
            <method name="attr_label" signature="" line-rate="1" branch-rate="0" complexity="0">
              <lines>
                <line number="121" hits="89" branch="false"/>
                <line number="123" hits="88" branch="false"/>
                <line number="124" hits="88" branch="false"/>
                <line number="126" hits="88" branch="false"/>
              </lines>
            </method>
            <method name="attr_label_df" signature="" line-rate="1" branch-rate="0" complexity="0">
              <lines>
                <line number="142" hits="20" branch="false"/>
                <line number="143" hits="20" branch="false"/>
                <line number="145" hits="19" branch="false"/>
                <line number="146" hits="19" branch="false"/>
              </lines>
            </method>
          </methods>
          <lines>
            <line number="26" hits="9" branch="false"/>
            <line number="27" hits="2" branch="false"/>
            <line number="29" hits="2" branch="false"/>
            <line number="31" hits="2" branch="false"/>
            <line number="32" hits="7" branch="false"/>
            <line number="33" hits="6" branch="false"/>
            <line number="35" hits="6" branch="false"/>
            <line number="37" hits="1" branch="false"/>
            <line number="39" hits="9" branch="false"/>
            <line number="68" hits="7" branch="false"/>
            <line number="70" hits="7" branch="false"/>
            <line number="72" hits="7" branch="false"/>
            <line number="73" hits="5" branch="false"/>
            <line number="75" hits="2" branch="false"/>
            <line number="95" hits="4" branch="false"/>
            <line number="97" hits="4" branch="false"/>
            <line number="99" hits="4" branch="false"/>
            <line number="101" hits="4" branch="false"/>
            <line number="103" hits="4" branch="false"/>
            <line number="121" hits="89" branch="false"/>
            <line number="123" hits="88" branch="false"/>
            <line number="124" hits="88" branch="false"/>
            <line number="126" hits="88" branch="false"/>
            <line number="142" hits="20" branch="false"/>
            <line number="143" hits="20" branch="false"/>
            <line number="145" hits="19" branch="false"/>
            <line number="146" hits="19" branch="false"/>
          </lines>
        </class>
      </classes>
    </package>
  </packages>
</coverage>
